#
# There is insufficient memory for the Java Runtime Environment to continue.
# Cannot create GC thread. Out of system resources.
# Possible reasons:
#   The system is out of physical RAM or swap space
#   In 32 bit mode, the process size limit was hit
# Possible solutions:
#   Reduce memory load on the system
#   Increase physical memory or swap space
#   Check if swap backing store is full
#   Use 64 bit Java on a 64 bit OS
#   Decrease Java heap size (-Xmx/-Xms)
#   Decrease number of Java threads
#   Decrease Java thread stack sizes (-Xss)
#   Set larger code cache with -XX:ReservedCodeCacheSize=
# This output file may be truncated or incomplete.
#
#  Out of Memory Error (gcTaskThread.cpp:48), pid=3444, tid=139707955083008
#
# JRE version:  (8.0_91-b14) (build )
# Java VM: OpenJDK 64-Bit Server VM (25.91-b14 mixed mode linux-amd64 compressed oops)
# Failed to write core dump. Core dumps have been disabled. To enable core dumping, try "ulimit -c unlimited" before starting Java again
#

---------------  T H R E A D  ---------------

Current thread (0x00007f1044009800):  JavaThread "Unknown thread" [_thread_in_vm, id=3445, stack(0x00007f104af8f000,0x00007f104b090000)]

Stack: [0x00007f104af8f000,0x00007f104b090000],  sp=0x00007f104b08e810,  free space=1022k
Native frames: (J=compiled Java code, j=interpreted, Vv=VM code, C=native code)
V  [libjvm.so+0xa5e94b]
V  [libjvm.so+0x4c395c]
V  [libjvm.so+0x5a4b1f]
V  [libjvm.so+0x5a3c87]
V  [libjvm.so+0x8d4ab9]
V  [libjvm.so+0xa22529]
V  [libjvm.so+0xa22892]
V  [libjvm.so+0x60d2af]
V  [libjvm.so+0xa07fea]
V  [libjvm.so+0x687142]  JNI_CreateJavaVM+0x62
C  [libjli.so+0x303e]
C  [libpthread.so.0+0x7555]  start_thread+0xc5


---------------  P R O C E S S  ---------------

Java Threads: ( => current thread )

Other Threads:

=>0x00007f1044009800 (exited) JavaThread "Unknown thread" [_thread_in_vm, id=3445, stack(0x00007f104af8f000,0x00007f104b090000)]

VM state:not at safepoint (not fully initialized)

VM Mutex/Monitor currently owned by a thread: None

GC Heap History (0 events):
No events

Deoptimization events (0 events):
No events

Internal exceptions (0 events):
No events

Events (0 events):
No events


Dynamic libraries:
00400000-00401000 r-xp 00000000 fd:01 3520190                            /usr/lib/jvm/java-1.8.0-openjdk-1.8.0.91-2.b14.fc22.x86_64/jre/bin/java
00600000-00601000 r--p 00000000 fd:01 3520190                            /usr/lib/jvm/java-1.8.0-openjdk-1.8.0.91-2.b14.fc22.x86_64/jre/bin/java
00601000-00602000 rw-p 00001000 fd:01 3520190                            /usr/lib/jvm/java-1.8.0-openjdk-1.8.0.91-2.b14.fc22.x86_64/jre/bin/java
022a2000-022c3000 rw-p 00000000 00:00 0                                  [heap]
e0000000-e5580000 rw-p 00000000 00:00 0 
e5580000-f5580000 ---p 00000000 00:00 0 
f5580000-f8000000 rw-p 00000000 00:00 0 
f8000000-100000000 ---p 00000000 00:00 0 
7f1033f2f000-7f1033f30000 ---p 00000000 00:00 0 
7f1033f30000-7f1034030000 rw-p 00000000 00:00 0 
7f1034030000-7f1034031000 ---p 00000000 00:00 0 
7f1034031000-7f103415c000 rw-p 00000000 00:00 0                          [stack:3446]
7f103415c000-7f10341db000 ---p 00000000 00:00 0 
7f10341db000-7f10341f1000 rw-p 00000000 00:00 0 
7f10341f1000-7f1034231000 ---p 00000000 00:00 0 
7f1034231000-7f103423c000 rw-p 00000000 00:00 0 
7f103423c000-7f10345f2000 ---p 00000000 00:00 0 
7f10345f2000-7f1034862000 rwxp 00000000 00:00 0 
7f1034862000-7f10435f2000 ---p 00000000 00:00 0 
7f10435f2000-7f10435fa000 r-xp 00000000 fd:01 17887469                   /usr/lib/jvm/java-1.8.0-openjdk-1.8.0.91-2.b14.fc22.x86_64/jre/lib/amd64/libzip.so
7f10435fa000-7f10437f9000 ---p 00008000 fd:01 17887469                   /usr/lib/jvm/java-1.8.0-openjdk-1.8.0.91-2.b14.fc22.x86_64/jre/lib/amd64/libzip.so
7f10437f9000-7f10437fa000 r--p 00007000 fd:01 17887469                   /usr/lib/jvm/java-1.8.0-openjdk-1.8.0.91-2.b14.fc22.x86_64/jre/lib/amd64/libzip.so
7f10437fa000-7f10437fb000 rw-p 00008000 fd:01 17887469                   /usr/lib/jvm/java-1.8.0-openjdk-1.8.0.91-2.b14.fc22.x86_64/jre/lib/amd64/libzip.so
7f10437fb000-7f1044000000 r--s 00000000 fd:02 10748206                   /var/lib/sss/mc/passwd
7f1044000000-7f1044036000 rw-p 00000000 00:00 0 
7f1044036000-7f1048000000 ---p 00000000 00:00 0 
7f1048058000-7f1048060000 r-xp 00000000 fd:01 4819898                    /usr/lib64/libnss_sss.so.2
7f1048060000-7f104825f000 ---p 00008000 fd:01 4819898                    /usr/lib64/libnss_sss.so.2
7f104825f000-7f1048260000 r--p 00007000 fd:01 4819898                    /usr/lib64/libnss_sss.so.2
7f1048260000-7f1048261000 rw-p 00008000 fd:01 4819898                    /usr/lib64/libnss_sss.so.2
7f1048261000-7f104826d000 r-xp 00000000 fd:01 3520180                    /usr/lib64/libnss_files-2.21.so
7f104826d000-7f104846c000 ---p 0000c000 fd:01 3520180                    /usr/lib64/libnss_files-2.21.so
7f104846c000-7f104846d000 r--p 0000b000 fd:01 3520180                    /usr/lib64/libnss_files-2.21.so
7f104846d000-7f104846e000 rw-p 0000c000 fd:01 3520180                    /usr/lib64/libnss_files-2.21.so
7f104846e000-7f104849b000 r-xp 00000000 fd:01 18486107                   /usr/lib/jvm/java-1.8.0-openjdk-1.8.0.91-2.b14.fc22.x86_64/jre/lib/amd64/libjava.so
7f104849b000-7f104869b000 ---p 0002d000 fd:01 18486107                   /usr/lib/jvm/java-1.8.0-openjdk-1.8.0.91-2.b14.fc22.x86_64/jre/lib/amd64/libjava.so
7f104869b000-7f104869c000 r--p 0002d000 fd:01 18486107                   /usr/lib/jvm/java-1.8.0-openjdk-1.8.0.91-2.b14.fc22.x86_64/jre/lib/amd64/libjava.so
7f104869c000-7f104869e000 rw-p 0002e000 fd:01 18486107                   /usr/lib/jvm/java-1.8.0-openjdk-1.8.0.91-2.b14.fc22.x86_64/jre/lib/amd64/libjava.so
7f104869e000-7f10486ab000 r-xp 00000000 fd:01 17887468                   /usr/lib/jvm/java-1.8.0-openjdk-1.8.0.91-2.b14.fc22.x86_64/jre/lib/amd64/libverify.so
7f10486ab000-7f10488aa000 ---p 0000d000 fd:01 17887468                   /usr/lib/jvm/java-1.8.0-openjdk-1.8.0.91-2.b14.fc22.x86_64/jre/lib/amd64/libverify.so
7f10488aa000-7f10488ac000 r--p 0000c000 fd:01 17887468                   /usr/lib/jvm/java-1.8.0-openjdk-1.8.0.91-2.b14.fc22.x86_64/jre/lib/amd64/libverify.so
7f10488ac000-7f10488ad000 rw-p 0000e000 fd:01 17887468                   /usr/lib/jvm/java-1.8.0-openjdk-1.8.0.91-2.b14.fc22.x86_64/jre/lib/amd64/libverify.so
7f10488ad000-7f10488b4000 r-xp 00000000 fd:01 3560240                    /usr/lib64/librt-2.21.so
7f10488b4000-7f1048ab3000 ---p 00007000 fd:01 3560240                    /usr/lib64/librt-2.21.so
7f1048ab3000-7f1048ab4000 r--p 00006000 fd:01 3560240                    /usr/lib64/librt-2.21.so
7f1048ab4000-7f1048ab5000 rw-p 00007000 fd:01 3560240                    /usr/lib64/librt-2.21.so
7f1048ab5000-7f1048acb000 r-xp 00000000 fd:01 670309                     /usr/lib64/libgcc_s-5.3.1-20160406.so.1
7f1048acb000-7f1048cca000 ---p 00016000 fd:01 670309                     /usr/lib64/libgcc_s-5.3.1-20160406.so.1
7f1048cca000-7f1048ccb000 r--p 00015000 fd:01 670309                     /usr/lib64/libgcc_s-5.3.1-20160406.so.1
7f1048ccb000-7f1048ccc000 rw-p 00016000 fd:01 670309                     /usr/lib64/libgcc_s-5.3.1-20160406.so.1
7f1048ccc000-7f1048dd3000 r-xp 00000000 fd:01 2938430                    /usr/lib64/libm-2.21.so
7f1048dd3000-7f1048fd2000 ---p 00107000 fd:01 2938430                    /usr/lib64/libm-2.21.so
7f1048fd2000-7f1048fd3000 r--p 00106000 fd:01 2938430                    /usr/lib64/libm-2.21.so
7f1048fd3000-7f1048fd4000 rw-p 00107000 fd:01 2938430                    /usr/lib64/libm-2.21.so
7f1048fd4000-7f1049147000 r-xp 00000000 fd:01 670312                     /usr/lib64/libstdc++.so.6.0.21
7f1049147000-7f1049346000 ---p 00173000 fd:01 670312                     /usr/lib64/libstdc++.so.6.0.21
7f1049346000-7f1049350000 r--p 00172000 fd:01 670312                     /usr/lib64/libstdc++.so.6.0.21
7f1049350000-7f1049352000 rw-p 0017c000 fd:01 670312                     /usr/lib64/libstdc++.so.6.0.21
7f1049352000-7f1049356000 rw-p 00000000 00:00 0 
7f1049356000-7f1049fa0000 r-xp 00000000 fd:01 4628605                    /usr/lib/jvm/java-1.8.0-openjdk-1.8.0.91-2.b14.fc22.x86_64/jre/lib/amd64/server/libjvm.so
7f1049fa0000-7f104a19f000 ---p 00c4a000 fd:01 4628605                    /usr/lib/jvm/java-1.8.0-openjdk-1.8.0.91-2.b14.fc22.x86_64/jre/lib/amd64/server/libjvm.so
7f104a19f000-7f104a232000 r--p 00e49000 fd:01 4628605                    /usr/lib/jvm/java-1.8.0-openjdk-1.8.0.91-2.b14.fc22.x86_64/jre/lib/amd64/server/libjvm.so
7f104a232000-7f104a25a000 rw-p 00edc000 fd:01 4628605                    /usr/lib/jvm/java-1.8.0-openjdk-1.8.0.91-2.b14.fc22.x86_64/jre/lib/amd64/server/libjvm.so
7f104a25a000-7f104a28a000 rw-p 00000000 00:00 0 
7f104a28a000-7f104a441000 r-xp 00000000 fd:01 47931                      /usr/lib64/libc-2.21.so
7f104a441000-7f104a641000 ---p 001b7000 fd:01 47931                      /usr/lib64/libc-2.21.so
7f104a641000-7f104a645000 r--p 001b7000 fd:01 47931                      /usr/lib64/libc-2.21.so
7f104a645000-7f104a647000 rw-p 001bb000 fd:01 47931                      /usr/lib64/libc-2.21.so
7f104a647000-7f104a64b000 rw-p 00000000 00:00 0 
7f104a64b000-7f104a64e000 r-xp 00000000 fd:01 2938428                    /usr/lib64/libdl-2.21.so
7f104a64e000-7f104a84d000 ---p 00003000 fd:01 2938428                    /usr/lib64/libdl-2.21.so
7f104a84d000-7f104a84e000 r--p 00002000 fd:01 2938428                    /usr/lib64/libdl-2.21.so
7f104a84e000-7f104a84f000 rw-p 00003000 fd:01 2938428                    /usr/lib64/libdl-2.21.so
7f104a84f000-7f104a85c000 r-xp 00000000 fd:01 51883756                   /usr/lib/jvm/java-1.8.0-openjdk-1.8.0.91-2.b14.fc22.x86_64/jre/lib/amd64/jli/libjli.so
7f104a85c000-7f104aa5c000 ---p 0000d000 fd:01 51883756                   /usr/lib/jvm/java-1.8.0-openjdk-1.8.0.91-2.b14.fc22.x86_64/jre/lib/amd64/jli/libjli.so
7f104aa5c000-7f104aa5d000 r--p 0000d000 fd:01 51883756                   /usr/lib/jvm/java-1.8.0-openjdk-1.8.0.91-2.b14.fc22.x86_64/jre/lib/amd64/jli/libjli.so
7f104aa5d000-7f104aa5e000 rw-p 0000e000 fd:01 51883756                   /usr/lib/jvm/java-1.8.0-openjdk-1.8.0.91-2.b14.fc22.x86_64/jre/lib/amd64/jli/libjli.so
7f104aa5e000-7f104aa73000 r-xp 00000000 fd:01 1015233                    /usr/lib64/libz.so.1.2.8
7f104aa73000-7f104ac72000 ---p 00015000 fd:01 1015233                    /usr/lib64/libz.so.1.2.8
7f104ac72000-7f104ac73000 r--p 00014000 fd:01 1015233                    /usr/lib64/libz.so.1.2.8
7f104ac73000-7f104ac74000 rw-p 00015000 fd:01 1015233                    /usr/lib64/libz.so.1.2.8
7f104ac74000-7f104ac8b000 r-xp 00000000 fd:01 1014762                    /usr/lib64/libpthread-2.21.so
7f104ac8b000-7f104ae8a000 ---p 00017000 fd:01 1014762                    /usr/lib64/libpthread-2.21.so
7f104ae8a000-7f104ae8c000 r--p 00016000 fd:01 1014762                    /usr/lib64/libpthread-2.21.so
7f104ae8c000-7f104ae8d000 rw-p 00018000 fd:01 1014762                    /usr/lib64/libpthread-2.21.so
7f104ae8d000-7f104ae91000 rw-p 00000000 00:00 0 
7f104ae91000-7f104aeb2000 r-xp 00000000 fd:01 2938427                    /usr/lib64/ld-2.21.so
7f104aee4000-7f104af0f000 rw-p 00000000 00:00 0 
7f104af0f000-7f104af8f000 ---p 00000000 00:00 0 
7f104af8f000-7f104af92000 ---p 00000000 00:00 0 
7f104af92000-7f104b095000 rw-p 00000000 00:00 0                          [stack:3445]
7f104b0a3000-7f104b0a6000 rw-p 00000000 00:00 0 
7f104b0a6000-7f104b0ae000 rw-s 00000000 fd:06 4235402                    /tmp/hsperfdata_seh/3444
7f104b0ae000-7f104b0af000 rw-p 00000000 00:00 0 
7f104b0af000-7f104b0b0000 r--p 00000000 00:00 0 
7f104b0b0000-7f104b0b1000 rw-p 00000000 00:00 0 
7f104b0b1000-7f104b0b2000 r--p 00020000 fd:01 2938427                    /usr/lib64/ld-2.21.so
7f104b0b2000-7f104b0b3000 rw-p 00021000 fd:01 2938427                    /usr/lib64/ld-2.21.so
7f104b0b3000-7f104b0b4000 rw-p 00000000 00:00 0 
7ffee9210000-7ffee9231000 rw-p 00000000 00:00 0                          [stack]
7ffee93c6000-7ffee93c8000 r--p 00000000 00:00 0                          [vvar]
7ffee93c8000-7ffee93ca000 r-xp 00000000 00:00 0                          [vdso]
ffffffffff600000-ffffffffff601000 r-xp 00000000 00:00 0                  [vsyscall]

VM Arguments:
jvm_args: -Xms128m -Xmx512m 
java_command: # There is insufficient memory for the Java Runtime Environment to continue. # Cannot create GC thread. Out of system resources. # An error report file with more information is saved as: # /home/seh/cs363/proj3/CyDIW_Root/hs_err_pid3442.log cysystem.diwGUI.gui.DBGui
java_class_path (initial): #
Launcher Type: SUN_STANDARD

Environment Variables:
PATH=/home/seh/go/bin:/usr/lib64/qt-3.3/bin:/usr/local/bin:/usr/bin:/usr/local/sbin:/usr/sbin:/home/seh/Documents/GitHub/front9port/bin:/home/seh/bin:/home/seh/Documents/GitHub/plan9port/bin
SHELL=/bin/bash
DISPLAY=localhost:11.0

Signal Handlers:
SIGSEGV: [libjvm.so+0xa5f4a0], sa_mask[0]=11111111011111111101111111111110, sa_flags=SA_RESTART|SA_SIGINFO
SIGBUS: [libjvm.so+0xa5f4a0], sa_mask[0]=11111111011111111101111111111110, sa_flags=SA_RESTART|SA_SIGINFO
SIGFPE: [libjvm.so+0x8aaed0], sa_mask[0]=11111111011111111101111111111110, sa_flags=SA_RESTART|SA_SIGINFO
SIGPIPE: [libjvm.so+0x8aaed0], sa_mask[0]=11111111011111111101111111111110, sa_flags=SA_RESTART|SA_SIGINFO
SIGXFSZ: [libjvm.so+0x8aaed0], sa_mask[0]=11111111011111111101111111111110, sa_flags=SA_RESTART|SA_SIGINFO
SIGILL: [libjvm.so+0x8aaed0], sa_mask[0]=11111111011111111101111111111110, sa_flags=SA_RESTART|SA_SIGINFO
SIGUSR1: SIG_DFL, sa_mask[0]=00000000000000000000000000000000, sa_flags=none
SIGUSR2: [libjvm.so+0x8aad80], sa_mask[0]=00000000000000000000000000000000, sa_flags=SA_RESTART|SA_SIGINFO
SIGHUP: SIG_DFL, sa_mask[0]=00000000000000000000000000000000, sa_flags=none
SIGINT: SIG_DFL, sa_mask[0]=00000000000000000000000000000000, sa_flags=none
SIGTERM: SIG_DFL, sa_mask[0]=00000000000000000000000000000000, sa_flags=none
SIGQUIT: SIG_DFL, sa_mask[0]=00000000000000000000000000000000, sa_flags=none


---------------  S Y S T E M  ---------------

OS:Fedora release 22 (Twenty Two)

uname:Linux 4.4.14-200.fc22.x86_64 #1 SMP Fri Jun 24 21:19:33 UTC 2016 x86_64
libc:glibc 2.21 NPTL 2.21 
rlimit: STACK 8192k, CORE 0k, NPROC 42, NOFILE 4096, AS 8192000k
load average:0.28 0.11 0.03

/proc/meminfo:
MemTotal:       12303804 kB
MemFree:         1559864 kB
MemAvailable:    9342284 kB
Buffers:              20 kB
Cached:          7248040 kB
SwapCached:         3140 kB
Active:          2525576 kB
Inactive:        7102504 kB
Active(anon):    1900968 kB
Inactive(anon):   480692 kB
Active(file):     624608 kB
Inactive(file):  6621812 kB
Unevictable:           0 kB
Mlocked:               0 kB
SwapTotal:       6291452 kB
SwapFree:        6127844 kB
Dirty:               444 kB
Writeback:             0 kB
AnonPages:       2377248 kB
Mapped:           171572 kB
Shmem:              1640 kB
Slab:             913220 kB
SReclaimable:     789404 kB
SUnreclaim:       123816 kB
KernelStack:        7024 kB
PageTables:        34188 kB
NFS_Unstable:          0 kB
Bounce:                0 kB
WritebackTmp:          0 kB
CommitLimit:    12443352 kB
Committed_AS:    3804804 kB
VmallocTotal:   34359738367 kB
VmallocUsed:           0 kB
VmallocChunk:          0 kB
HardwareCorrupted:     0 kB
AnonHugePages:         0 kB
CmaTotal:              0 kB
CmaFree:               0 kB
HugePages_Total:       0
HugePages_Free:        0
HugePages_Rsvd:        0
HugePages_Surp:        0
Hugepagesize:       2048 kB
DirectMap4k:     2190784 kB
DirectMap2M:    10391552 kB
DirectMap1G:     2097152 kB


CPU:total 6 (3 cores per cpu, 1 threads per core) family 6 model 63 stepping 2, cmov, cx8, fxsr, mmx, sse, sse2, sse3, ssse3, sse4.1, sse4.2, popcnt, avx, avx2, aes, clmul, erms, lzcnt, tsc, tscinvbit, bmi1, bmi2

/proc/cpuinfo:
processor	: 0
vendor_id	: GenuineIntel
cpu family	: 6
model		: 63
model name	: Intel(R) Xeon(R) CPU E5-2640 v3 @ 2.60GHz
stepping	: 2
microcode	: 0x2d
cpu MHz		: 2599.998
cache size	: 20480 KB
physical id	: 0
siblings	: 3
core id		: 0
cpu cores	: 3
apicid		: 0
initial apicid	: 0
fpu		: yes
fpu_exception	: yes
cpuid level	: 15
wp		: yes
flags		: fpu vme de pse tsc msr pae mce cx8 apic sep mtrr pge mca cmov pat pse36 clflush dts mmx fxsr sse sse2 ss ht syscall nx pdpe1gb rdtscp lm constant_tsc arch_perfmon pebs bts nopl xtopology tsc_reliable nonstop_tsc aperfmperf eagerfpu pni pclmulqdq ssse3 fma cx16 pcid sse4_1 sse4_2 x2apic movbe popcnt tsc_deadline_timer aes xsave avx f16c rdrand hypervisor lahf_lm abm ida arat epb pln pts dtherm fsgsbase tsc_adjust bmi1 avx2 smep bmi2 invpcid xsaveopt
bugs		:
bogomips	: 5199.99
clflush size	: 64
cache_alignment	: 64
address sizes	: 42 bits physical, 48 bits virtual
power management:

processor	: 1
vendor_id	: GenuineIntel
cpu family	: 6
model		: 63
model name	: Intel(R) Xeon(R) CPU E5-2640 v3 @ 2.60GHz
stepping	: 2
microcode	: 0x2d
cpu MHz		: 2599.998
cache size	: 20480 KB
physical id	: 0
siblings	: 3
core id		: 1
cpu cores	: 3
apicid		: 1
initial apicid	: 1
fpu		: yes
fpu_exception	: yes
cpuid level	: 15
wp		: yes
flags		: fpu vme de pse tsc msr pae mce cx8 apic sep mtrr pge mca cmov pat pse36 clflush dts mmx fxsr sse sse2 ss ht syscall nx pdpe1gb rdtscp lm constant_tsc arch_perfmon pebs bts nopl xtopology tsc_reliable nonstop_tsc aperfmperf eagerfpu pni pclmulqdq ssse3 fma cx16 pcid sse4_1 sse4_2 x2apic movbe popcnt tsc_deadline_timer aes xsave avx f16c rdrand hypervisor lahf_lm abm ida arat epb pln pts dtherm fsgsbase tsc_adjust bmi1 avx2 smep bmi2 invpcid xsaveopt
bugs		:
bogomips	: 5199.99
clflush size	: 64
cache_alignment	: 64
address sizes	: 42 bits physical, 48 bits virtual
power management:

processor	: 2
vendor_id	: GenuineIntel
cpu family	: 6
model		: 63
model name	: Intel(R) Xeon(R) CPU E5-2640 v3 @ 2.60GHz
stepping	: 2
microcode	: 0x2d
cpu MHz		: 2599.998
cache size	: 20480 KB
physical id	: 0
siblings	: 3
core id		: 2
cpu cores	: 3
apicid		: 2
initial apicid	: 2
fpu		: yes
fpu_exception	: yes
cpuid level	: 15
wp		: yes
flags		: fpu vme de pse tsc msr pae mce cx8 apic sep mtrr pge mca cmov pat pse36 clflush dts mmx fxsr sse sse2 ss ht syscall nx pdpe1gb rdtscp lm constant_tsc arch_perfmon pebs bts nopl xtopology tsc_reliable nonstop_tsc aperfmperf eagerfpu pni pclmulqdq ssse3 fma cx16 pcid sse4_1 sse4_2 x2apic movbe popcnt tsc_deadline_timer aes xsave avx f16c rdrand hypervisor lahf_lm abm ida arat epb pln pts dtherm fsgsbase tsc_adjust bmi1 avx2 smep bmi2 invpcid xsaveopt
bugs		:
bogomips	: 5199.99
clflush size	: 64
cache_alignment	: 64
address sizes	: 42 bits physical, 48 bits virtual
power management:

processor	: 3
vendor_id	: GenuineIntel
cpu family	: 6
model		: 63
model name	: Intel(R) Xeon(R) CPU E5-2640 v3 @ 2.60GHz
stepping	: 2
microcode	: 0x2d
cpu MHz		: 2599.998
cache size	: 20480 KB
physical id	: 1
siblings	: 3
core id		: 0
cpu cores	: 3
apicid		: 4
initial apicid	: 4
fpu		: yes
fpu_exception	: yes
cpuid level	: 15
wp		: yes
flags		: fpu vme de pse tsc msr pae mce cx8 apic sep mtrr pge mca cmov pat pse36 clflush dts mmx fxsr sse sse2 ss ht syscall nx pdpe1gb rdtscp lm constant_tsc arch_perfmon pebs bts nopl xtopology tsc_reliable nonstop_tsc aperfmperf eagerfpu pni pclmulqdq ssse3 fma cx16 pcid sse4_1 sse4_2 x2apic movbe popcnt tsc_deadline_timer aes xsave avx f16c rdrand hypervisor lahf_lm abm ida arat epb pln pts dtherm fsgsbase tsc_adjust bmi1 avx2 smep bmi2 invpcid xsaveopt
bugs		:
bogomips	: 5199.99
clflush size	: 64
cache_alignment	: 64
address sizes	: 42 bits physical, 48 bits virtual
power management:

processor	: 4
vendor_id	: GenuineIntel
cpu family	: 6
model		: 63
model name	: Intel(R) Xeon(R) CPU E5-2640 v3 @ 2.60GHz
stepping	: 2
microcode	: 0x2d
cpu MHz		: 2599.998
cache size	: 20480 KB
physical id	: 1
siblings	: 3
core id		: 1
cpu cores	: 3
apicid		: 5
initial apicid	: 5
fpu		: yes
fpu_exception	: yes
cpuid level	: 15
wp		: yes
flags		: fpu vme de pse tsc msr pae mce cx8 apic sep mtrr pge mca cmov pat pse36 clflush dts mmx fxsr sse sse2 ss ht syscall nx pdpe1gb rdtscp lm constant_tsc arch_perfmon pebs bts nopl xtopology tsc_reliable nonstop_tsc aperfmperf eagerfpu pni pclmulqdq ssse3 fma cx16 pcid sse4_1 sse4_2 x2apic movbe popcnt tsc_deadline_timer aes xsave avx f16c rdrand hypervisor lahf_lm abm ida arat epb pln pts dtherm fsgsbase tsc_adjust bmi1 avx2 smep bmi2 invpcid xsaveopt
bugs		:
bogomips	: 5199.99
clflush size	: 64
cache_alignment	: 64
address sizes	: 42 bits physical, 48 bits virtual
power management:

processor	: 5
vendor_id	: GenuineIntel
cpu family	: 6
model		: 63
model name	: Intel(R) Xeon(R) CPU E5-2640 v3 @ 2.60GHz
stepping	: 2
microcode	: 0x2d
cpu MHz		: 2599.998
cache size	: 20480 KB
physical id	: 1
siblings	: 3
core id		: 2
cpu cores	: 3
apicid		: 6
initial apicid	: 6
fpu		: yes
fpu_exception	: yes
cpuid level	: 15
wp		: yes
flags		: fpu vme de pse tsc msr pae mce cx8 apic sep mtrr pge mca cmov pat pse36 clflush dts mmx fxsr sse sse2 ss ht syscall nx pdpe1gb rdtscp lm constant_tsc arch_perfmon pebs bts nopl xtopology tsc_reliable nonstop_tsc aperfmperf eagerfpu pni pclmulqdq ssse3 fma cx16 pcid sse4_1 sse4_2 x2apic movbe popcnt tsc_deadline_timer aes xsave avx f16c rdrand hypervisor lahf_lm abm ida arat epb pln pts dtherm fsgsbase tsc_adjust bmi1 avx2 smep bmi2 invpcid xsaveopt
bugs		:
bogomips	: 5199.99
clflush size	: 64
cache_alignment	: 64
address sizes	: 42 bits physical, 48 bits virtual
power management:



Memory: 4k page, physical 12303804k(1559772k free), swap 6291452k(6127844k free)

vm_info: OpenJDK 64-Bit Server VM (25.91-b14) for linux-amd64 JRE (1.8.0_91-b14), built on Apr 24 2016 09:20:36 by "mockbuild" with gcc 5.3.1 20160406 (Red Hat 5.3.1-6)

time: Sun Oct 29 14:19:57 2017
elapsed time: 0 seconds (0d 0h 0m 0s)

